<?xml version="1.0" encoding="UTF-8"?>
<!-- Generated by org.testng.reporters.JUnitXMLReporter -->
<testsuite ignored="2" hostname="DESKTOP-9N6VRCR" failures="0" tests="4" name="Test2" time="75.594" errors="0" timestamp="2023-11-22T11:14:10 IST">
  <testcase classname="testngtests.Demo" name="continu1" time="0.002"/>
  <testcase classname="testngtests.Demo" name="start" time="0.003"/>
  <testcase classname="testngtests.Demo1" name="end" time="0.005"/>
  <testcase classname="testngtests.Demo1" name="stop" time="0.002"/>
  <testcase classname="com.hms.GenericUtils.BaseClass" name="@BeforeSuite config_bs" time="0.0">
    <ignored/>
  </testcase> <!-- @BeforeSuite config_bs -->
  <testcase classname="com.hms.GenericUtils.BaseClass" name="@AfterSuite config_as" time="0.0">
    <ignored/>
  </testcase> <!-- @AfterSuite config_as -->
</testsuite> <!-- Test2 -->
