<?xml version="1.0" encoding="UTF-8"?>
<!-- Generated by org.testng.reporters.JUnitXMLReporter -->
<testsuite ignored="2" hostname="DESKTOP-9N6VRCR" failures="0" tests="4" name="TestRunner=2" time="2.095" errors="0" timestamp="2023-11-22T11:09:46 IST">
  <testcase classname="testngtests.Demo" name="continu1" time="0.0">
    <skipped/>
  </testcase> <!-- continu1 -->
  <testcase classname="testngtests.Demo" name="start" time="0.0">
    <skipped/>
  </testcase> <!-- start -->
  <testcase classname="testngtests.Demo1" name="end" time="0.001">
    <skipped/>
  </testcase> <!-- end -->
  <testcase classname="testngtests.Demo1" name="stop" time="0.0">
    <skipped/>
  </testcase> <!-- stop -->
  <testcase classname="com.hms.GenericUtils.BaseClass" name="@BeforeSuite config_bs" time="0.0">
    <ignored/>
  </testcase> <!-- @BeforeSuite config_bs -->
  <testcase classname="com.hms.GenericUtils.BaseClass" name="@AfterSuite config_as" time="0.0">
    <ignored/>
  </testcase> <!-- @AfterSuite config_as -->
</testsuite> <!-- TestRunner=2 -->
