<?xml version="1.0" encoding="UTF-8"?>
<testng-results ignored="0" total="1" passed="1" failed="0" skipped="0">
  <reporter-output>
  </reporter-output>
  <suite started-at="2023-11-30T13:44:04 IST" name="Default suite" finished-at="2023-11-30T13:44:33 IST" duration-ms="28302">
    <groups>
    </groups>
    <test started-at="2023-11-30T13:44:04 IST" name="Default test" finished-at="2023-11-30T13:44:33 IST" duration-ms="28302">
      <class name="com.hms.patientmodule.PatientBookAppointmentbasepoojatest">
        <test-method is-config="true" signature="config_bs()[pri:0, instance:com.hms.patientmodule.PatientBookAppointmentbasepoojatest@117159c0]" started-at="2023-11-30T13:44:04 IST" name="config_bs" finished-at="2023-11-30T13:44:04 IST" duration-ms="499" status="PASS">
          <reporter-output>
          </reporter-output>
        </test-method> <!-- config_bs -->
        <test-method is-config="true" signature="config_bc()[pri:0, instance:com.hms.patientmodule.PatientBookAppointmentbasepoojatest@117159c0]" started-at="2023-11-30T13:44:04 IST" name="config_bc" finished-at="2023-11-30T13:44:15 IST" duration-ms="10649" status="PASS">
          <reporter-output>
          </reporter-output>
        </test-method> <!-- config_bc -->
        <test-method is-config="true" signature="config_bm()[pri:0, instance:com.hms.patientmodule.PatientBookAppointmentbasepoojatest@117159c0]" started-at="2023-11-30T13:44:15 IST" name="config_bm" finished-at="2023-11-30T13:44:27 IST" duration-ms="12238" status="PASS">
          <reporter-output>
          </reporter-output>
        </test-method> <!-- config_bm -->
        <test-method signature="test1()[pri:0, instance:com.hms.patientmodule.PatientBookAppointmentbasepoojatest@117159c0]" started-at="2023-11-30T13:44:27 IST" name="test1" finished-at="2023-11-30T13:44:31 IST" duration-ms="3940" status="PASS">
          <reporter-output>
          </reporter-output>
        </test-method> <!-- test1 -->
        <test-method is-config="true" signature="config_am()[pri:0, instance:com.hms.patientmodule.PatientBookAppointmentbasepoojatest@117159c0]" started-at="2023-11-30T13:44:31 IST" name="config_am" finished-at="2023-11-30T13:44:32 IST" duration-ms="677" status="PASS">
          <reporter-output>
          </reporter-output>
        </test-method> <!-- config_am -->
        <test-method is-config="true" signature="config_ac()[pri:0, instance:com.hms.patientmodule.PatientBookAppointmentbasepoojatest@117159c0]" started-at="2023-11-30T13:44:32 IST" name="config_ac" finished-at="2023-11-30T13:44:33 IST" duration-ms="705" status="PASS">
          <reporter-output>
          </reporter-output>
        </test-method> <!-- config_ac -->
        <test-method is-config="true" signature="config_as()[pri:0, instance:com.hms.patientmodule.PatientBookAppointmentbasepoojatest@117159c0]" started-at="2023-11-30T13:44:33 IST" name="config_as" finished-at="2023-11-30T13:44:33 IST" duration-ms="10" status="PASS">
          <reporter-output>
          </reporter-output>
        </test-method> <!-- config_as -->
      </class> <!-- com.hms.patientmodule.PatientBookAppointmentbasepoojatest -->
    </test> <!-- Default test -->
  </suite> <!-- Default suite -->
</testng-results>
